<?xml version="1.0" encoding="UTF-8"?>
<testsuite xmlns:xsi="http://www.w3.org/2001/XMLSchema-instance" xsi:noNamespaceSchemaLocation="https://maven.apache.org/surefire/maven-surefire-plugin/xsd/surefire-test-report.xsd" version="3.0.2" name="com.mls.service.notification.ServiceNotificationApplicationTests" time="4.468" tests="1" errors="0" skipped="0" failures="0">
  <properties>
[...]
</properties>
  <testcase name="contextLoads" classname="com.mls.service.notification.ServiceNotificationApplicationTests" time="0.629">
    <system-out><![CDATA[12:43:24.818 [main] INFO org.springframework.test.context.support.AnnotationConfigContextLoaderUtils -- Could not detect default configuration classes for test class [com.mls.service.notification.ServiceNotificationApplicationTests]: ServiceNotificationApplicationTests does not declare any static, non-private, non-final, nested classes annotated with @Configuration.
12:43:24.921 [main] INFO org.springframework.boot.test.context.SpringBootTestContextBootstrapper -- Found @SpringBootConfiguration com.mls.service.notification.ServiceNotificationApplication for test class com.mls.service.notification.ServiceNotificationApplicationTests

,--.  ,--.         ,--.  ,--. ,---.,--.                ,--.  ,--.                                ,--.                                                  ,--.
|  ,'.|  | ,---. ,-'  '-.`--'/  .-'`--' ,---. ,--,--.,-'  '-.`--' ,---. ,--,--, ,-----.,--,--,--.`--' ,---.,--.--. ,---.  ,---. ,---. ,--.--.,--.  ,--.`--' ,---. ,---.
|  |' '  || .-. |'-.  .-',--.|  `-,,--.| .--'' ,-.  |'-.  .-',--.| .-. ||      \'-----'|        |,--.| .--'|  .--'| .-. |(  .-'| .-. :|  .--' \  `'  / ,--.| .--'| .-. :
|  | `   |' '-' '  |  |  |  ||  .-'|  |\ `--.\ '-'  |  |  |  |  |' '-' '|  ||  |       |  |  |  ||  |\ `--.|  |   ' '-' '.-'  `)   --.|  |     \    /  |  |\ `--.\   --.
`--'  `--' `---'   `--'  `--'`--'  `--' `---' `--`--'  `--'  `--' `---' `--''--'       `--`--`--'`--' `---'`--'    `---' `----' `----'`--'      `--'   `--' `---' `----'
2025-04-14T12:43:25.516+02:00  INFO 15372 --- [msvc-notification] [           main] .s.n.ServiceNotificationApplicationTests : Starting ServiceNotificationApplicationTests using Java 21.0.4 with PID 15372 (started by migue in C:\Users\migue\Desktop\Miguel\DesarrolloWeb\Java\Padel-microservices\service-notification)
2025-04-14T12:43:25.521+02:00  INFO 15372 --- [msvc-notification] [           main] .s.n.ServiceNotificationApplicationTests : No active profile set, falling back to 1 default profile: "default"
2025-04-14T12:43:26.485+02:00  INFO 15372 --- [msvc-notification] [           main] o.s.cloud.context.scope.GenericScope     : BeanFactory id=450f7cdd-37dd-321b-ac0a-9f7cfc1814a2
2025-04-14T12:43:27.729+02:00  INFO 15372 --- [msvc-notification] [           main] DiscoveryClientOptionalArgsConfiguration : Eureka HTTP Client uses RestTemplate.
2025-04-14T12:43:27.811+02:00  INFO 15372 --- [msvc-notification] [           main] o.s.b.a.e.web.EndpointLinksResolver      : Exposing 1 endpoint beneath base path '/actuator'
2025-04-14T12:43:27.921+02:00  INFO 15372 --- [msvc-notification] [           main] o.s.c.n.eureka.InstanceInfoFactory       : Setting initial instance status as: STARTING
2025-04-14T12:43:27.944+02:00  INFO 15372 --- [msvc-notification] [           main] com.netflix.discovery.DiscoveryClient    : Initializing Eureka in region us-east-1
2025-04-14T12:43:27.948+02:00  INFO 15372 --- [msvc-notification] [           main] c.n.d.s.r.aws.ConfigClusterResolver      : Resolving eureka endpoints via configuration
2025-04-14T12:43:27.955+02:00  INFO 15372 --- [msvc-notification] [           main] com.netflix.discovery.DiscoveryClient    : Disable delta property : false
2025-04-14T12:43:27.955+02:00  INFO 15372 --- [msvc-notification] [           main] com.netflix.discovery.DiscoveryClient    : Single vip registry refresh property : null
2025-04-14T12:43:27.955+02:00  INFO 15372 --- [msvc-notification] [           main] com.netflix.discovery.DiscoveryClient    : Force full registry fetch : false
2025-04-14T12:43:27.955+02:00  INFO 15372 --- [msvc-notification] [           main] com.netflix.discovery.DiscoveryClient    : Application is null : false
2025-04-14T12:43:27.955+02:00  INFO 15372 --- [msvc-notification] [           main] com.netflix.discovery.DiscoveryClient    : Registered Applications size is zero : true
2025-04-14T12:43:27.955+02:00  INFO 15372 --- [msvc-notification] [           main] com.netflix.discovery.DiscoveryClient    : Application version is -1: true
2025-04-14T12:43:27.956+02:00  INFO 15372 --- [msvc-notification] [           main] com.netflix.discovery.DiscoveryClient    : Getting all instance registry info from the eureka server
2025-04-14T12:43:28.275+02:00  INFO 15372 --- [msvc-notification] [           main] com.netflix.discovery.DiscoveryClient    : The response status is 200
2025-04-14T12:43:28.276+02:00  INFO 15372 --- [msvc-notification] [           main] com.netflix.discovery.DiscoveryClient    : Starting heartbeat executor: renew interval is: 30
2025-04-14T12:43:28.278+02:00  INFO 15372 --- [msvc-notification] [           main] c.n.discovery.InstanceInfoReplicator     : InstanceInfoReplicator onDemand update allowed rate per min is 4
2025-04-14T12:43:28.279+02:00  INFO 15372 --- [msvc-notification] [           main] com.netflix.discovery.DiscoveryClient    : Discovery Client initialized at timestamp 1744627408278 with initial instances count: 7
2025-04-14T12:43:28.282+02:00  INFO 15372 --- [msvc-notification] [           main] o.s.c.n.e.s.EurekaServiceRegistry        : Registering application MSVC-NOTIFICATION with eureka with status UP
2025-04-14T12:43:28.282+02:00  INFO 15372 --- [msvc-notification] [           main] com.netflix.discovery.DiscoveryClient    : Saw local status change event StatusChangeEvent [timestamp=1744627408282, current=UP, previous=STARTING]
2025-04-14T12:43:28.283+02:00  INFO 15372 --- [msvc-notification] [foReplicator-%d] com.netflix.discovery.DiscoveryClient    : DiscoveryClient_MSVC-NOTIFICATION/DESKTOP-R10TI6I.mshome.net:msvc-notification:8087: registering service...
2025-04-14T12:43:28.324+02:00  INFO 15372 --- [msvc-notification] [foReplicator-%d] com.netflix.discovery.DiscoveryClient    : DiscoveryClient_MSVC-NOTIFICATION/DESKTOP-R10TI6I.mshome.net:msvc-notification:8087 - registration status: 204
2025-04-14T12:43:28.329+02:00  INFO 15372 --- [msvc-notification] [           main] o.a.k.clients.consumer.ConsumerConfig    : ConsumerConfig values: 
	allow.auto.create.topics = true
	auto.commit.interval.ms = 5000
	auto.include.jmx.reporter = true
	auto.offset.reset = earliest
	bootstrap.servers = [localhost:9092]
	check.crcs = true
	client.dns.lookup = use_all_dns_ips
	client.id = consumer-padel-match-group-1
	client.rack = 
	connections.max.idle.ms = 540000
	default.api.timeout.ms = 60000
	enable.auto.commit = false
	enable.metrics.push = true
	exclude.internal.topics = true
	fetch.max.bytes = 52428800
	fetch.max.wait.ms = 500
	fetch.min.bytes = 1
	group.id = padel-match-group
	group.instance.id = null
	group.protocol = classic
	group.remote.assignor = null
	heartbeat.interval.ms = 3000
	interceptor.classes = []
	internal.leave.group.on.close = true
	internal.throw.on.fetch.stable.offset.unsupported = false
	isolation.level = read_uncommitted
	key.deserializer = class org.springframework.kafka.support.serializer.ErrorHandlingDeserializer
	max.partition.fetch.bytes = 1048576
	max.poll.interval.ms = 300000
	max.poll.records = 500
	metadata.max.age.ms = 300000
	metadata.recovery.strategy = none
	metric.reporters = []
	metrics.num.samples = 2
	metrics.recording.level = INFO
	metrics.sample.window.ms = 30000
	partition.assignment.strategy = [class org.apache.kafka.clients.consumer.RangeAssignor, class org.apache.kafka.clients.consumer.CooperativeStickyAssignor]
	receive.buffer.bytes = 65536
	reconnect.backoff.max.ms = 1000
	reconnect.backoff.ms = 50
	request.timeout.ms = 30000
	retry.backoff.max.ms = 1000
	retry.backoff.ms = 100
	sasl.client.callback.handler.class = null
	sasl.jaas.config = null
	sasl.kerberos.kinit.cmd = /usr/bin/kinit
	sasl.kerberos.min.time.before.relogin = 60000
	sasl.kerberos.service.name = null
	sasl.kerberos.ticket.renew.jitter = 0.05
	sasl.kerberos.ticket.renew.window.factor = 0.8
	sasl.login.callback.handler.class = null
	sasl.login.class = null
	sasl.login.connect.timeout.ms = null
	sasl.login.read.timeout.ms = null
	sasl.login.refresh.buffer.seconds = 300
	sasl.login.refresh.min.period.seconds = 60
	sasl.login.refresh.window.factor = 0.8
	sasl.login.refresh.window.jitter = 0.05
	sasl.login.retry.backoff.max.ms = 10000
	sasl.login.retry.backoff.ms = 100
	sasl.mechanism = GSSAPI
	sasl.oauthbearer.clock.skew.seconds = 30
	sasl.oauthbearer.expected.audience = null
	sasl.oauthbearer.expected.issuer = null
	sasl.oauthbearer.jwks.endpoint.refresh.ms = 3600000
	sasl.oauthbearer.jwks.endpoint.retry.backoff.max.ms = 10000
	sasl.oauthbearer.jwks.endpoint.retry.backoff.ms = 100
	sasl.oauthbearer.jwks.endpoint.url = null
	sasl.oauthbearer.scope.claim.name = scope
	sasl.oauthbearer.sub.claim.name = sub
	sasl.oauthbearer.token.endpoint.url = null
	security.protocol = PLAINTEXT
	security.providers = null
	send.buffer.bytes = 131072
	session.timeout.ms = 45000
	socket.connection.setup.timeout.max.ms = 30000
	socket.connection.setup.timeout.ms = 10000
	ssl.cipher.suites = null
	ssl.enabled.protocols = [TLSv1.2, TLSv1.3]
	ssl.endpoint.identification.algorithm = https
	ssl.engine.factory.class = null
	ssl.key.password = null
	ssl.keymanager.algorithm = SunX509
	ssl.keystore.certificate.chain = null
	ssl.keystore.key = null
	ssl.keystore.location = null
	ssl.keystore.password = null
	ssl.keystore.type = JKS
	ssl.protocol = TLSv1.3
	ssl.provider = null
	ssl.secure.random.implementation = null
	ssl.trustmanager.algorithm = PKIX
	ssl.truststore.certificates = null
	ssl.truststore.location = null
	ssl.truststore.password = null
	ssl.truststore.type = JKS
	value.deserializer = class org.springframework.kafka.support.serializer.ErrorHandlingDeserializer

2025-04-14T12:43:28.375+02:00  INFO 15372 --- [msvc-notification] [           main] o.a.k.c.t.i.KafkaMetricsCollector        : initializing Kafka metrics collector
2025-04-14T12:43:28.518+02:00  INFO 15372 --- [msvc-notification] [           main] o.a.kafka.common.utils.AppInfoParser     : Kafka version: 3.8.1
2025-04-14T12:43:28.518+02:00  INFO 15372 --- [msvc-notification] [           main] o.a.kafka.common.utils.AppInfoParser     : Kafka commitId: 70d6ff42debf7e17
2025-04-14T12:43:28.518+02:00  INFO 15372 --- [msvc-notification] [           main] o.a.kafka.common.utils.AppInfoParser     : Kafka startTimeMs: 1744627408517
2025-04-14T12:43:28.529+02:00  INFO 15372 --- [msvc-notification] [           main] o.a.k.c.c.internals.LegacyKafkaConsumer  : [Consumer clientId=consumer-padel-match-group-1, groupId=padel-match-group] Subscribed to topic(s): create-match
2025-04-14T12:43:28.546+02:00  INFO 15372 --- [msvc-notification] [           main] .s.n.ServiceNotificationApplicationTests : Started ServiceNotificationApplicationTests in 3.355 seconds (process running for 4.379)
2025-04-14T12:43:28.946+02:00  INFO 15372 --- [msvc-notification] [ntainer#0-0-C-1] org.apache.kafka.clients.Metadata        : [Consumer clientId=consumer-padel-match-group-1, groupId=padel-match-group] Cluster ID: Xa7X-bh4SfSBJBDge42SPg
2025-04-14T12:43:28.947+02:00  INFO 15372 --- [msvc-notification] [ntainer#0-0-C-1] o.a.k.c.c.internals.ConsumerCoordinator  : [Consumer clientId=consumer-padel-match-group-1, groupId=padel-match-group] Discovered group coordinator kafka:9092 (id: 2147483646 rack: null)
]]></system-out>
    <system-err><![CDATA[abr 14, 2025 12:43:24 P. M. org.junit.platform.launcher.core.LauncherConfigurationParameters loadClasspathResource
WARNING: Discovered 3 'junit-platform.properties' configuration files on the classpath (see below); only the first (*) will be used.
- jar:file:/C:/Users/migue/.m2/repository/org/apache/kafka/kafka-clients/3.8.1/kafka-clients-3.8.1-test.jar!/junit-platform.properties (*)
- jar:file:/C:/Users/migue/.m2/repository/org/apache/kafka/kafka-server-common/3.8.1/kafka-server-common-3.8.1-test.jar!/junit-platform.properties
- jar:file:/C:/Users/migue/.m2/repository/org/apache/kafka/kafka_2.13/3.8.1/kafka_2.13-3.8.1-test.jar!/junit-platform.properties
abr 14, 2025 12:43:24 P. M. org.junit.platform.launcher.core.LauncherConfigurationParameters loadClasspathResource
WARNING: Discovered 3 'junit-platform.properties' configuration files on the classpath (see below); only the first (*) will be used.
- jar:file:/C:/Users/migue/.m2/repository/org/apache/kafka/kafka-clients/3.8.1/kafka-clients-3.8.1-test.jar!/junit-platform.properties (*)
- jar:file:/C:/Users/migue/.m2/repository/org/apache/kafka/kafka-server-common/3.8.1/kafka-server-common-3.8.1-test.jar!/junit-platform.properties
- jar:file:/C:/Users/migue/.m2/repository/org/apache/kafka/kafka_2.13/3.8.1/kafka_2.13-3.8.1-test.jar!/junit-platform.properties
abr 14, 2025 12:43:24 P. M. org.junit.platform.launcher.core.LauncherConfigurationParameters loadClasspathResource
WARNING: Discovered 3 'junit-platform.properties' configuration files on the classpath (see below); only the first (*) will be used.
- jar:file:/C:/Users/migue/.m2/repository/org/apache/kafka/kafka-clients/3.8.1/kafka-clients-3.8.1-test.jar!/junit-platform.properties (*)
- jar:file:/C:/Users/migue/.m2/repository/org/apache/kafka/kafka-server-common/3.8.1/kafka-server-common-3.8.1-test.jar!/junit-platform.properties
- jar:file:/C:/Users/migue/.m2/repository/org/apache/kafka/kafka_2.13/3.8.1/kafka_2.13-3.8.1-test.jar!/junit-platform.properties
Mockito is currently self-attaching to enable the inline-mock-maker. This will no longer work in future releases of the JDK. Please add Mockito as an agent to your build what is described in Mockito's documentation: https://javadoc.io/doc/org.mockito/mockito-core/latest/org/mockito/Mockito.html#0.3
WARNING: A Java agent has been loaded dynamically (C:\Users\migue\.m2\repository\net\bytebuddy\byte-buddy-agent\1.15.11\byte-buddy-agent-1.15.11.jar)
WARNING: If a serviceability tool is in use, please run with -XX:+EnableDynamicAgentLoading to hide this warning
WARNING: If a serviceability tool is not in use, please run with -Djdk.instrument.traceUsage for more information
WARNING: Dynamic loading of agents will be disallowed by default in a future release
]]></system-err>
  </testcase>
</testsuite>